[0.752s] Invoking command in '/home/tom/ros2_ws/src/my_robot_controller': PYTHONPATH=/home/tom/ros2_ws/build/my_robot_controller/prefix_override:/home/tom/ros2_ws/install/my_robot_controller/lib/python3.10/site-packages:${PYTHONPATH} /usr/bin/python3 setup.py egg_info --egg-base ../../build/my_robot_controller build --build-base /home/tom/ros2_ws/build/my_robot_controller/build install --record /home/tom/ros2_ws/build/my_robot_controller/install.log --single-version-externally-managed
[0.951s] running egg_info
[0.951s] writing ../../build/my_robot_controller/my_robot_controller.egg-info/PKG-INFO
[0.951s] writing dependency_links to ../../build/my_robot_controller/my_robot_controller.egg-info/dependency_links.txt
[0.952s] writing entry points to ../../build/my_robot_controller/my_robot_controller.egg-info/entry_points.txt
[0.952s] writing requirements to ../../build/my_robot_controller/my_robot_controller.egg-info/requires.txt
[0.952s] writing top-level names to ../../build/my_robot_controller/my_robot_controller.egg-info/top_level.txt
[0.953s] reading manifest file '../../build/my_robot_controller/my_robot_controller.egg-info/SOURCES.txt'
[0.954s] writing manifest file '../../build/my_robot_controller/my_robot_controller.egg-info/SOURCES.txt'
[0.954s] running build
[0.954s] running build_py
[0.954s] copying my_robot_controller/my_first_node.py -> /home/tom/ros2_ws/build/my_robot_controller/build/lib/my_robot_controller
[0.954s] running install
[0.954s] running install_lib
[0.955s] copying /home/tom/ros2_ws/build/my_robot_controller/build/lib/my_robot_controller/my_first_node.py -> /home/tom/ros2_ws/install/my_robot_controller/lib/python3.10/site-packages/my_robot_controller
[0.955s] byte-compiling /home/tom/ros2_ws/install/my_robot_controller/lib/python3.10/site-packages/my_robot_controller/my_first_node.py to my_first_node.cpython-310.pyc
[0.955s] running install_data
[0.956s] running install_egg_info
[0.957s] removing '/home/tom/ros2_ws/install/my_robot_controller/lib/python3.10/site-packages/my_robot_controller-0.0.0-py3.10.egg-info' (and everything under it)
[0.957s] Copying ../../build/my_robot_controller/my_robot_controller.egg-info to /home/tom/ros2_ws/install/my_robot_controller/lib/python3.10/site-packages/my_robot_controller-0.0.0-py3.10.egg-info
[0.958s] running install_scripts
[0.973s] Installing test_node script to /home/tom/ros2_ws/install/my_robot_controller/lib/my_robot_controller
[0.973s] writing list of installed files to '/home/tom/ros2_ws/build/my_robot_controller/install.log'
[0.993s] Invoked command in '/home/tom/ros2_ws/src/my_robot_controller' returned '0': PYTHONPATH=/home/tom/ros2_ws/build/my_robot_controller/prefix_override:/home/tom/ros2_ws/install/my_robot_controller/lib/python3.10/site-packages:${PYTHONPATH} /usr/bin/python3 setup.py egg_info --egg-base ../../build/my_robot_controller build --build-base /home/tom/ros2_ws/build/my_robot_controller/build install --record /home/tom/ros2_ws/build/my_robot_controller/install.log --single-version-externally-managed
