[0.693s] Invoking command in '/home/tom/ros2_ws/src/my_robot_controller': PYTHONPATH=/home/tom/ros2_ws/build/my_robot_controller/prefix_override:/home/tom/ros2_ws/install/my_robot_controller/lib/python3.10/site-packages:${PYTHONPATH} /usr/bin/python3 setup.py egg_info --egg-base ../../build/my_robot_controller build --build-base /home/tom/ros2_ws/build/my_robot_controller/build install --record /home/tom/ros2_ws/build/my_robot_controller/install.log --single-version-externally-managed
[0.907s] running egg_info
[0.907s] creating ../../build/my_robot_controller/my_robot_controller.egg-info
[0.908s] writing ../../build/my_robot_controller/my_robot_controller.egg-info/PKG-INFO
[0.908s] writing dependency_links to ../../build/my_robot_controller/my_robot_controller.egg-info/dependency_links.txt
[0.908s] writing entry points to ../../build/my_robot_controller/my_robot_controller.egg-info/entry_points.txt
[0.908s] writing requirements to ../../build/my_robot_controller/my_robot_controller.egg-info/requires.txt
[0.908s] writing top-level names to ../../build/my_robot_controller/my_robot_controller.egg-info/top_level.txt
[0.908s] writing manifest file '../../build/my_robot_controller/my_robot_controller.egg-info/SOURCES.txt'
[0.909s] reading manifest file '../../build/my_robot_controller/my_robot_controller.egg-info/SOURCES.txt'
[0.910s] writing manifest file '../../build/my_robot_controller/my_robot_controller.egg-info/SOURCES.txt'
[0.910s] running build
[0.910s] running build_py
[0.910s] creating /home/tom/ros2_ws/build/my_robot_controller/build
[0.910s] creating /home/tom/ros2_ws/build/my_robot_controller/build/lib
[0.910s] creating /home/tom/ros2_ws/build/my_robot_controller/build/lib/my_robot_controller
[0.910s] copying my_robot_controller/__init__.py -> /home/tom/ros2_ws/build/my_robot_controller/build/lib/my_robot_controller
[0.910s] running install
[0.911s] running install_lib
[0.911s] creating /home/tom/ros2_ws/install/my_robot_controller/lib/python3.10/site-packages/my_robot_controller
[0.911s] copying /home/tom/ros2_ws/build/my_robot_controller/build/lib/my_robot_controller/__init__.py -> /home/tom/ros2_ws/install/my_robot_controller/lib/python3.10/site-packages/my_robot_controller
[0.911s] byte-compiling /home/tom/ros2_ws/install/my_robot_controller/lib/python3.10/site-packages/my_robot_controller/__init__.py to __init__.cpython-310.pyc
[0.912s] running install_data
[0.912s] creating /home/tom/ros2_ws/install/my_robot_controller/share/ament_index
[0.912s] creating /home/tom/ros2_ws/install/my_robot_controller/share/ament_index/resource_index
[0.912s] creating /home/tom/ros2_ws/install/my_robot_controller/share/ament_index/resource_index/packages
[0.912s] copying resource/my_robot_controller -> /home/tom/ros2_ws/install/my_robot_controller/share/ament_index/resource_index/packages
[0.912s] copying package.xml -> /home/tom/ros2_ws/install/my_robot_controller/share/my_robot_controller
[0.912s] running install_egg_info
[0.913s] Copying ../../build/my_robot_controller/my_robot_controller.egg-info to /home/tom/ros2_ws/install/my_robot_controller/lib/python3.10/site-packages/my_robot_controller-0.0.0-py3.10.egg-info
[0.914s] running install_scripts
[0.931s] writing list of installed files to '/home/tom/ros2_ws/build/my_robot_controller/install.log'
[0.949s] Invoked command in '/home/tom/ros2_ws/src/my_robot_controller' returned '0': PYTHONPATH=/home/tom/ros2_ws/build/my_robot_controller/prefix_override:/home/tom/ros2_ws/install/my_robot_controller/lib/python3.10/site-packages:${PYTHONPATH} /usr/bin/python3 setup.py egg_info --egg-base ../../build/my_robot_controller build --build-base /home/tom/ros2_ws/build/my_robot_controller/build install --record /home/tom/ros2_ws/build/my_robot_controller/install.log --single-version-externally-managed
