[0.903s] DEBUG:colcon:Command line arguments: ['/usr/bin/colcon', 'build']
[0.903s] DEBUG:colcon:Parsed command line arguments: Namespace(log_base=None, log_level=None, verb_name='build', build_base='build', install_base='install', merge_install=False, symlink_install=False, test_result_base=None, continue_on_error=False, executor='parallel', parallel_workers=16, event_handlers=None, ignore_user_meta=False, metas=['./colcon.meta'], base_paths=['.'], packages_ignore=None, packages_ignore_regex=None, paths=None, packages_up_to=None, packages_up_to_regex=None, packages_above=None, packages_above_and_dependencies=None, packages_above_depth=None, packages_select_by_dep=None, packages_skip_by_dep=None, packages_skip_up_to=None, packages_select_build_failed=False, packages_skip_build_finished=False, packages_select_test_failures=False, packages_skip_test_passed=False, packages_select=None, packages_skip=None, packages_select_regex=None, packages_skip_regex=None, packages_start=None, packages_end=None, allow_overriding=[], cmake_args=None, cmake_target=None, cmake_target_skip_unavailable=False, cmake_clean_cache=False, cmake_clean_first=False, cmake_force_configure=False, ament_cmake_args=None, catkin_cmake_args=None, catkin_skip_building_tests=False, verb_parser=<colcon_defaults.argument_parser.defaults.DefaultArgumentsDecorator object at 0x7fe564680370>, verb_extension=<colcon_core.verb.build.BuildVerb object at 0x7fe564680e80>, main=<bound method BuildVerb.main of <colcon_core.verb.build.BuildVerb object at 0x7fe564680e80>>)
[0.943s] Level 1:colcon.colcon_core.package_discovery:discover_packages(colcon_meta) check parameters
[0.943s] Level 1:colcon.colcon_core.package_discovery:discover_packages(recursive) check parameters
[0.943s] Level 1:colcon.colcon_core.package_discovery:discover_packages(ignore) check parameters
[0.943s] Level 1:colcon.colcon_core.package_discovery:discover_packages(path) check parameters
[0.943s] Level 1:colcon.colcon_core.package_discovery:discover_packages(colcon_meta) discover
[0.943s] Level 1:colcon.colcon_core.package_discovery:discover_packages(recursive) discover
[0.943s] INFO:colcon.colcon_core.package_discovery:Crawling recursively for packages in '/home/tom/ros2_ws'
[0.943s] Level 1:colcon.colcon_core.package_identification:_identify(.) by extensions ['ignore', 'ignore_ament_install']
[0.943s] Level 1:colcon.colcon_core.package_identification:_identify(.) by extension 'ignore'
[0.943s] Level 1:colcon.colcon_core.package_identification:_identify(.) by extension 'ignore_ament_install'
[0.943s] Level 1:colcon.colcon_core.package_identification:_identify(.) by extensions ['colcon_pkg']
[0.943s] Level 1:colcon.colcon_core.package_identification:_identify(.) by extension 'colcon_pkg'
[0.943s] Level 1:colcon.colcon_core.package_identification:_identify(.) by extensions ['colcon_meta']
[0.943s] Level 1:colcon.colcon_core.package_identification:_identify(.) by extension 'colcon_meta'
[0.943s] Level 1:colcon.colcon_core.package_identification:_identify(.) by extensions ['ros']
[0.943s] Level 1:colcon.colcon_core.package_identification:_identify(.) by extension 'ros'
[0.952s] Level 1:colcon.colcon_core.package_identification:_identify(.) by extensions ['cmake', 'python']
[0.952s] Level 1:colcon.colcon_core.package_identification:_identify(.) by extension 'cmake'
[0.952s] Level 1:colcon.colcon_core.package_identification:_identify(.) by extension 'python'
[0.952s] Level 1:colcon.colcon_core.package_identification:_identify(.) by extensions ['python_setup_py']
[0.952s] Level 1:colcon.colcon_core.package_identification:_identify(.) by extension 'python_setup_py'
[0.952s] Level 1:colcon.colcon_core.package_identification:_identify(build) by extensions ['ignore', 'ignore_ament_install']
[0.952s] Level 1:colcon.colcon_core.package_identification:_identify(build) by extension 'ignore'
[0.952s] Level 1:colcon.colcon_core.package_identification:_identify(build) ignored
[0.952s] Level 1:colcon.colcon_core.package_identification:_identify(install) by extensions ['ignore', 'ignore_ament_install']
[0.952s] Level 1:colcon.colcon_core.package_identification:_identify(install) by extension 'ignore'
[0.952s] Level 1:colcon.colcon_core.package_identification:_identify(install) ignored
[0.953s] Level 1:colcon.colcon_core.package_identification:_identify(log) by extensions ['ignore', 'ignore_ament_install']
[0.953s] Level 1:colcon.colcon_core.package_identification:_identify(log) by extension 'ignore'
[0.953s] Level 1:colcon.colcon_core.package_identification:_identify(log) ignored
[0.953s] Level 1:colcon.colcon_core.package_identification:_identify(src) by extensions ['ignore', 'ignore_ament_install']
[0.953s] Level 1:colcon.colcon_core.package_identification:_identify(src) by extension 'ignore'
[0.953s] Level 1:colcon.colcon_core.package_identification:_identify(src) by extension 'ignore_ament_install'
[0.953s] Level 1:colcon.colcon_core.package_identification:_identify(src) by extensions ['colcon_pkg']
[0.953s] Level 1:colcon.colcon_core.package_identification:_identify(src) by extension 'colcon_pkg'
[0.953s] Level 1:colcon.colcon_core.package_identification:_identify(src) by extensions ['colcon_meta']
[0.953s] Level 1:colcon.colcon_core.package_identification:_identify(src) by extension 'colcon_meta'
[0.953s] Level 1:colcon.colcon_core.package_identification:_identify(src) by extensions ['ros']
[0.953s] Level 1:colcon.colcon_core.package_identification:_identify(src) by extension 'ros'
[0.953s] Level 1:colcon.colcon_core.package_identification:_identify(src) by extensions ['cmake', 'python']
[0.953s] Level 1:colcon.colcon_core.package_identification:_identify(src) by extension 'cmake'
[0.953s] Level 1:colcon.colcon_core.package_identification:_identify(src) by extension 'python'
[0.953s] Level 1:colcon.colcon_core.package_identification:_identify(src) by extensions ['python_setup_py']
[0.953s] Level 1:colcon.colcon_core.package_identification:_identify(src) by extension 'python_setup_py'
[0.953s] Level 1:colcon.colcon_core.package_identification:_identify(src/my_robot_controller) by extensions ['ignore', 'ignore_ament_install']
[0.953s] Level 1:colcon.colcon_core.package_identification:_identify(src/my_robot_controller) by extension 'ignore'
[0.953s] Level 1:colcon.colcon_core.package_identification:_identify(src/my_robot_controller) by extension 'ignore_ament_install'
[0.953s] Level 1:colcon.colcon_core.package_identification:_identify(src/my_robot_controller) by extensions ['colcon_pkg']
[0.953s] Level 1:colcon.colcon_core.package_identification:_identify(src/my_robot_controller) by extension 'colcon_pkg'
[0.954s] Level 1:colcon.colcon_core.package_identification:_identify(src/my_robot_controller) by extensions ['colcon_meta']
[0.954s] Level 1:colcon.colcon_core.package_identification:_identify(src/my_robot_controller) by extension 'colcon_meta'
[0.954s] Level 1:colcon.colcon_core.package_identification:_identify(src/my_robot_controller) by extensions ['ros']
[0.954s] Level 1:colcon.colcon_core.package_identification:_identify(src/my_robot_controller) by extension 'ros'
[0.956s] DEBUG:colcon.colcon_core.package_identification:Package 'src/my_robot_controller' with type 'ros.ament_python' and name 'my_robot_controller'
[0.956s] Level 1:colcon.colcon_core.package_discovery:discover_packages(recursive) using defaults
[0.956s] Level 1:colcon.colcon_core.package_discovery:discover_packages(ignore) discover
[0.956s] Level 1:colcon.colcon_core.package_discovery:discover_packages(ignore) using defaults
[0.956s] Level 1:colcon.colcon_core.package_discovery:discover_packages(path) discover
[0.956s] Level 1:colcon.colcon_core.package_discovery:discover_packages(path) using defaults
[1.036s] Level 1:colcon.colcon_core.package_discovery:discover_packages(prefix_path) check parameters
[1.036s] Level 1:colcon.colcon_core.package_discovery:discover_packages(prefix_path) discover
[1.063s] DEBUG:colcon.colcon_installed_package_information.package_discovery:Found 0 installed packages in /home/tom/ros2_ws/install
[1.085s] DEBUG:colcon.colcon_installed_package_information.package_discovery:Found 420 installed packages in /opt/ros/humble
[1.086s] Level 1:colcon.colcon_core.package_discovery:discover_packages(prefix_path) using defaults
[1.178s] Level 5:colcon.colcon_core.verb:set package 'my_robot_controller' build argument 'cmake_args' from command line to 'None'
[1.179s] Level 5:colcon.colcon_core.verb:set package 'my_robot_controller' build argument 'cmake_target' from command line to 'None'
[1.179s] Level 5:colcon.colcon_core.verb:set package 'my_robot_controller' build argument 'cmake_target_skip_unavailable' from command line to 'False'
[1.179s] Level 5:colcon.colcon_core.verb:set package 'my_robot_controller' build argument 'cmake_clean_cache' from command line to 'False'
[1.179s] Level 5:colcon.colcon_core.verb:set package 'my_robot_controller' build argument 'cmake_clean_first' from command line to 'False'
[1.179s] Level 5:colcon.colcon_core.verb:set package 'my_robot_controller' build argument 'cmake_force_configure' from command line to 'False'
[1.179s] Level 5:colcon.colcon_core.verb:set package 'my_robot_controller' build argument 'ament_cmake_args' from command line to 'None'
[1.179s] Level 5:colcon.colcon_core.verb:set package 'my_robot_controller' build argument 'catkin_cmake_args' from command line to 'None'
[1.179s] Level 5:colcon.colcon_core.verb:set package 'my_robot_controller' build argument 'catkin_skip_building_tests' from command line to 'False'
[1.179s] DEBUG:colcon.colcon_core.verb:Building package 'my_robot_controller' with the following arguments: {'ament_cmake_args': None, 'build_base': '/home/tom/ros2_ws/build/my_robot_controller', 'catkin_cmake_args': None, 'catkin_skip_building_tests': False, 'cmake_args': None, 'cmake_clean_cache': False, 'cmake_clean_first': False, 'cmake_force_configure': False, 'cmake_target': None, 'cmake_target_skip_unavailable': False, 'install_base': '/home/tom/ros2_ws/install/my_robot_controller', 'merge_install': False, 'path': '/home/tom/ros2_ws/src/my_robot_controller', 'symlink_install': False, 'test_result_base': None}
[1.192s] INFO:colcon.colcon_core.executor:Executing jobs using 'parallel' executor
[1.205s] DEBUG:colcon.colcon_parallel_executor.executor.parallel:run_until_complete
[1.206s] INFO:colcon.colcon_ros.task.ament_python.build:Building ROS package in '/home/tom/ros2_ws/src/my_robot_controller' with build type 'ament_python'
[1.206s] Level 1:colcon.colcon_core.shell:create_environment_hook('my_robot_controller', 'ament_prefix_path')
[1.220s] INFO:colcon.colcon_core.plugin_system:Skipping extension 'colcon_core.shell.bat': Not used on non-Windows systems
[1.220s] INFO:colcon.colcon_core.shell:Creating environment hook '/home/tom/ros2_ws/install/my_robot_controller/share/my_robot_controller/hook/ament_prefix_path.ps1'
[1.221s] INFO:colcon.colcon_core.shell:Creating environment descriptor '/home/tom/ros2_ws/install/my_robot_controller/share/my_robot_controller/hook/ament_prefix_path.dsv'
[1.221s] INFO:colcon.colcon_core.shell:Creating environment hook '/home/tom/ros2_ws/install/my_robot_controller/share/my_robot_controller/hook/ament_prefix_path.sh'
[1.235s] INFO:colcon.colcon_core.shell:Skip shell extension 'powershell' for command environment: Not usable outside of PowerShell
[1.236s] DEBUG:colcon.colcon_core.shell:Skip shell extension 'dsv' for command environment
[1.512s] INFO:colcon.colcon_core.task.python.build:Building Python package in '/home/tom/ros2_ws/src/my_robot_controller'
[1.524s] INFO:colcon.colcon_core.shell:Skip shell extension 'powershell' for command environment: Not usable outside of PowerShell
[1.524s] DEBUG:colcon.colcon_core.shell:Skip shell extension 'dsv' for command environment
[1.899s] DEBUG:colcon.colcon_core.event_handler.log_command:Invoking command in '/home/tom/ros2_ws/src/my_robot_controller': PYTHONPATH=/home/tom/ros2_ws/build/my_robot_controller/prefix_override:/home/tom/ros2_ws/install/my_robot_controller/lib/python3.10/site-packages:${PYTHONPATH} /usr/bin/python3 setup.py egg_info --egg-base ../../build/my_robot_controller build --build-base /home/tom/ros2_ws/build/my_robot_controller/build install --record /home/tom/ros2_ws/build/my_robot_controller/install.log --single-version-externally-managed
[2.155s] DEBUG:colcon.colcon_core.event_handler.log_command:Invoked command in '/home/tom/ros2_ws/src/my_robot_controller' returned '0': PYTHONPATH=/home/tom/ros2_ws/build/my_robot_controller/prefix_override:/home/tom/ros2_ws/install/my_robot_controller/lib/python3.10/site-packages:${PYTHONPATH} /usr/bin/python3 setup.py egg_info --egg-base ../../build/my_robot_controller build --build-base /home/tom/ros2_ws/build/my_robot_controller/build install --record /home/tom/ros2_ws/build/my_robot_controller/install.log --single-version-externally-managed
[2.169s] Level 1:colcon.colcon_core.environment:checking '/home/tom/ros2_ws/install/my_robot_controller' for CMake module files
[2.169s] Level 1:colcon.colcon_core.environment:checking '/home/tom/ros2_ws/install/my_robot_controller' for CMake config files
[2.169s] Level 1:colcon.colcon_core.environment:checking '/home/tom/ros2_ws/install/my_robot_controller/lib'
[2.170s] Level 1:colcon.colcon_core.environment:checking '/home/tom/ros2_ws/install/my_robot_controller/bin'
[2.170s] Level 1:colcon.colcon_core.environment:checking '/home/tom/ros2_ws/install/my_robot_controller/lib/pkgconfig/my_robot_controller.pc'
[2.170s] Level 1:colcon.colcon_core.environment:checking '/home/tom/ros2_ws/install/my_robot_controller/lib/python3.10/site-packages'
[2.170s] Level 1:colcon.colcon_core.shell:create_environment_hook('my_robot_controller', 'pythonpath')
[2.182s] INFO:colcon.colcon_core.shell:Creating environment hook '/home/tom/ros2_ws/install/my_robot_controller/share/my_robot_controller/hook/pythonpath.ps1'
[2.182s] INFO:colcon.colcon_core.shell:Creating environment descriptor '/home/tom/ros2_ws/install/my_robot_controller/share/my_robot_controller/hook/pythonpath.dsv'
[2.182s] INFO:colcon.colcon_core.shell:Creating environment hook '/home/tom/ros2_ws/install/my_robot_controller/share/my_robot_controller/hook/pythonpath.sh'
[2.183s] Level 1:colcon.colcon_core.environment:checking '/home/tom/ros2_ws/install/my_robot_controller/bin'
[2.183s] Level 1:colcon.colcon_core.environment:create_environment_scripts_only(my_robot_controller)
[2.195s] INFO:colcon.colcon_core.shell:Creating package script '/home/tom/ros2_ws/install/my_robot_controller/share/my_robot_controller/package.ps1'
[2.195s] INFO:colcon.colcon_core.shell:Creating package descriptor '/home/tom/ros2_ws/install/my_robot_controller/share/my_robot_controller/package.dsv'
[2.196s] INFO:colcon.colcon_core.shell:Creating package script '/home/tom/ros2_ws/install/my_robot_controller/share/my_robot_controller/package.sh'
[2.196s] INFO:colcon.colcon_core.shell:Creating package script '/home/tom/ros2_ws/install/my_robot_controller/share/my_robot_controller/package.bash'
[2.197s] INFO:colcon.colcon_core.shell:Creating package script '/home/tom/ros2_ws/install/my_robot_controller/share/my_robot_controller/package.zsh'
[2.197s] Level 1:colcon.colcon_core.environment:create_file_with_runtime_dependencies(/home/tom/ros2_ws/install/my_robot_controller/share/colcon-core/packages/my_robot_controller)
[2.197s] DEBUG:colcon.colcon_parallel_executor.executor.parallel:closing loop
[2.197s] DEBUG:colcon.colcon_parallel_executor.executor.parallel:loop closed
[2.198s] DEBUG:colcon.colcon_parallel_executor.executor.parallel:run_until_complete finished with '0'
[2.198s] DEBUG:colcon.colcon_core.event_reactor:joining thread
[2.216s] INFO:colcon.colcon_core.plugin_system:Skipping extension 'colcon_notification.desktop_notification.terminal_notifier': Not used on non-Darwin systems
[2.216s] INFO:colcon.colcon_core.plugin_system:Skipping extension 'colcon_notification.desktop_notification.win32': Not used on non-Windows systems
[2.216s] INFO:colcon.colcon_notification.desktop_notification:Sending desktop notification using 'notify2'
[2.223s] DEBUG:colcon.colcon_core.event_reactor:joined thread
[2.237s] INFO:colcon.colcon_core.shell:Creating prefix script '/home/tom/ros2_ws/install/local_setup.ps1'
[2.238s] INFO:colcon.colcon_core.shell:Creating prefix util module '/home/tom/ros2_ws/install/_local_setup_util_ps1.py'
[2.239s] INFO:colcon.colcon_core.shell:Creating prefix chain script '/home/tom/ros2_ws/install/setup.ps1'
[2.252s] INFO:colcon.colcon_core.shell:Creating prefix script '/home/tom/ros2_ws/install/local_setup.sh'
[2.252s] INFO:colcon.colcon_core.shell:Creating prefix util module '/home/tom/ros2_ws/install/_local_setup_util_sh.py'
[2.253s] INFO:colcon.colcon_core.shell:Creating prefix chain script '/home/tom/ros2_ws/install/setup.sh'
[2.266s] INFO:colcon.colcon_core.shell:Creating prefix script '/home/tom/ros2_ws/install/local_setup.bash'
[2.266s] INFO:colcon.colcon_core.shell:Creating prefix chain script '/home/tom/ros2_ws/install/setup.bash'
[2.279s] INFO:colcon.colcon_core.shell:Creating prefix script '/home/tom/ros2_ws/install/local_setup.zsh'
[2.280s] INFO:colcon.colcon_core.shell:Creating prefix chain script '/home/tom/ros2_ws/install/setup.zsh'
