[0.605s] Invoking command in '/home/tom/ros2_ws/build/my_robot_controller': PYTHONPATH=/home/tom/ros2_ws/build/my_robot_controller/prefix_override:/home/tom/ros2_ws/install/my_robot_controller/lib/python3.10/site-packages:${PYTHONPATH} /usr/bin/python3 setup.py develop --editable --build-directory /home/tom/ros2_ws/build/my_robot_controller/build --no-deps install_data
[0.806s] running develop
[0.939s] running egg_info
[0.940s] writing my_robot_controller.egg-info/PKG-INFO
[0.940s] writing dependency_links to my_robot_controller.egg-info/dependency_links.txt
[0.940s] writing entry points to my_robot_controller.egg-info/entry_points.txt
[0.940s] writing requirements to my_robot_controller.egg-info/requires.txt
[0.940s] writing top-level names to my_robot_controller.egg-info/top_level.txt
[0.941s] reading manifest file 'my_robot_controller.egg-info/SOURCES.txt'
[0.942s] writing manifest file 'my_robot_controller.egg-info/SOURCES.txt'
[0.943s] running build_ext
[0.943s] Creating /home/tom/ros2_ws/install/my_robot_controller/lib/python3.10/site-packages/my-robot-controller.egg-link (link to .)
[0.944s] Installing draw_circle script to /home/tom/ros2_ws/install/my_robot_controller/lib/my_robot_controller
[0.944s] Installing pose_subscriber script to /home/tom/ros2_ws/install/my_robot_controller/lib/my_robot_controller
[0.944s] Installing test_node script to /home/tom/ros2_ws/install/my_robot_controller/lib/my_robot_controller
[0.944s] Installing turtle_controller script to /home/tom/ros2_ws/install/my_robot_controller/lib/my_robot_controller
[0.944s] 
[0.944s] Installed /home/tom/ros2_ws/build/my_robot_controller
[0.944s] running install_data
[0.964s] Invoked command in '/home/tom/ros2_ws/build/my_robot_controller' returned '0': PYTHONPATH=/home/tom/ros2_ws/build/my_robot_controller/prefix_override:/home/tom/ros2_ws/install/my_robot_controller/lib/python3.10/site-packages:${PYTHONPATH} /usr/bin/python3 setup.py develop --editable --build-directory /home/tom/ros2_ws/build/my_robot_controller/build --no-deps install_data
