[0.683s] Invoking command in '/home/tom/ros2_ws/build/my_robot_controller': PYTHONPATH=/home/tom/ros2_ws/build/my_robot_controller/prefix_override:/home/tom/ros2_ws/install/my_robot_controller/lib/python3.10/site-packages:${PYTHONPATH} /usr/bin/python3 setup.py develop --editable --build-directory /home/tom/ros2_ws/build/my_robot_controller/build --no-deps install_data
[0.898s] running develop
[1.037s] running egg_info
[1.037s] writing my_robot_controller.egg-info/PKG-INFO
[1.038s] writing dependency_links to my_robot_controller.egg-info/dependency_links.txt
[1.038s] writing entry points to my_robot_controller.egg-info/entry_points.txt
[1.038s] writing requirements to my_robot_controller.egg-info/requires.txt
[1.038s] writing top-level names to my_robot_controller.egg-info/top_level.txt
[1.040s] reading manifest file 'my_robot_controller.egg-info/SOURCES.txt'
[1.040s] writing manifest file 'my_robot_controller.egg-info/SOURCES.txt'
[1.041s] running build_ext
[1.042s] Creating /home/tom/ros2_ws/install/my_robot_controller/lib/python3.10/site-packages/my-robot-controller.egg-link (link to .)
[1.042s] Installing draw_circle script to /home/tom/ros2_ws/install/my_robot_controller/lib/my_robot_controller
[1.043s] Installing pose_subscriber script to /home/tom/ros2_ws/install/my_robot_controller/lib/my_robot_controller
[1.043s] Installing test_node script to /home/tom/ros2_ws/install/my_robot_controller/lib/my_robot_controller
[1.043s] Installing turtle_controller script to /home/tom/ros2_ws/install/my_robot_controller/lib/my_robot_controller
[1.043s] 
[1.043s] Installed /home/tom/ros2_ws/build/my_robot_controller
[1.043s] running install_data
[1.074s] Invoked command in '/home/tom/ros2_ws/build/my_robot_controller' returned '0': PYTHONPATH=/home/tom/ros2_ws/build/my_robot_controller/prefix_override:/home/tom/ros2_ws/install/my_robot_controller/lib/python3.10/site-packages:${PYTHONPATH} /usr/bin/python3 setup.py develop --editable --build-directory /home/tom/ros2_ws/build/my_robot_controller/build --no-deps install_data
